0 info it worked if it ends with ok
1 verbose cli [ '/usr/local/bin/node',
1 verbose cli   '/usr/local/bin/npm',
1 verbose cli   'install',
1 verbose cli   'grunt-contrib-ugligy',
1 verbose cli   '--save' ]
2 info using npm@2.15.8
3 info using node@v4.4.7
4 verbose install initial load of /Users/hungle/Sites/projects/nodejs-example/package.json
5 verbose installManyTop reading scoped package data from /Users/hungle/Sites/projects/nodejs-example/node_modules/grunt/package.json
6 verbose installManyTop reading scoped package data from /Users/hungle/Sites/projects/nodejs-example/node_modules/grunt-contrib-concat/package.json
7 verbose installManyTop reading scoped package data from /Users/hungle/Sites/projects/nodejs-example/node_modules/grunt-contrib-uglify/package.json
8 verbose installManyTop reading scoped package data from /Users/hungle/Sites/projects/nodejs-example/node_modules/grunt-contrib-watch/package.json
9 verbose readDependencies loading dependencies from /Users/hungle/Sites/projects/nodejs-example/package.json
10 silly cache add args [ 'grunt-contrib-ugligy', null ]
11 verbose cache add spec grunt-contrib-ugligy
12 silly cache add parsed spec Result {
12 silly cache add   raw: 'grunt-contrib-ugligy',
12 silly cache add   scope: null,
12 silly cache add   name: 'grunt-contrib-ugligy',
12 silly cache add   rawSpec: '',
12 silly cache add   spec: 'latest',
12 silly cache add   type: 'tag' }
13 silly addNamed grunt-contrib-ugligy@latest
14 verbose addNamed "latest" is being treated as a dist-tag for grunt-contrib-ugligy
15 info addNameTag [ 'grunt-contrib-ugligy', 'latest' ]
16 silly mapToRegistry name grunt-contrib-ugligy
17 silly mapToRegistry using default registry
18 silly mapToRegistry registry https://registry.npmjs.org/
19 silly mapToRegistry data Result {
19 silly mapToRegistry   raw: 'grunt-contrib-ugligy',
19 silly mapToRegistry   scope: null,
19 silly mapToRegistry   name: 'grunt-contrib-ugligy',
19 silly mapToRegistry   rawSpec: '',
19 silly mapToRegistry   spec: 'latest',
19 silly mapToRegistry   type: 'tag' }
20 silly mapToRegistry uri https://registry.npmjs.org/grunt-contrib-ugligy
21 verbose addNameTag registry:https://registry.npmjs.org/grunt-contrib-ugligy not in flight; fetching
22 verbose request uri https://registry.npmjs.org/grunt-contrib-ugligy
23 verbose request no auth needed
24 info attempt registry request try #1 at 3:31:08 PM
25 verbose request using bearer token for auth
26 verbose request id dc3dbb5b395576a9
27 http request GET https://registry.npmjs.org/grunt-contrib-ugligy
28 http 404 https://registry.npmjs.org/grunt-contrib-ugligy
29 verbose headers { 'content-type': 'application/json',
29 verbose headers   'cache-control': 'max-age=0',
29 verbose headers   'content-length': '2',
29 verbose headers   'accept-ranges': 'bytes',
29 verbose headers   date: 'Fri, 22 Jul 2016 06:31:08 GMT',
29 verbose headers   via: '1.1 varnish',
29 verbose headers   connection: 'keep-alive',
29 verbose headers   'x-served-by': 'cache-hkg6821-HKG',
29 verbose headers   'x-cache': 'MISS',
29 verbose headers   'x-cache-hits': '0',
29 verbose headers   'x-timer': 'S1469169068.508450,VS0,VE223',
29 verbose headers   vary: 'Accept-Encoding' }
30 silly get cb [ 404,
30 silly get   { 'content-type': 'application/json',
30 silly get     'cache-control': 'max-age=0',
30 silly get     'content-length': '2',
30 silly get     'accept-ranges': 'bytes',
30 silly get     date: 'Fri, 22 Jul 2016 06:31:08 GMT',
30 silly get     via: '1.1 varnish',
30 silly get     connection: 'keep-alive',
30 silly get     'x-served-by': 'cache-hkg6821-HKG',
30 silly get     'x-cache': 'MISS',
30 silly get     'x-cache-hits': '0',
30 silly get     'x-timer': 'S1469169068.508450,VS0,VE223',
30 silly get     vary: 'Accept-Encoding' } ]
31 verbose stack Error: Registry returned 404 for GET on https://registry.npmjs.org/grunt-contrib-ugligy
31 verbose stack     at makeError (/usr/local/lib/node_modules/npm/node_modules/npm-registry-client/lib/request.js:264:12)
31 verbose stack     at CachingRegistryClient.<anonymous> (/usr/local/lib/node_modules/npm/node_modules/npm-registry-client/lib/request.js:242:14)
31 verbose stack     at Request._callback (/usr/local/lib/node_modules/npm/node_modules/npm-registry-client/lib/request.js:172:14)
31 verbose stack     at Request.self.callback (/usr/local/lib/node_modules/npm/node_modules/request/request.js:200:22)
31 verbose stack     at emitTwo (events.js:87:13)
31 verbose stack     at Request.emit (events.js:172:7)
31 verbose stack     at Request.<anonymous> (/usr/local/lib/node_modules/npm/node_modules/request/request.js:1067:10)
31 verbose stack     at emitOne (events.js:82:20)
31 verbose stack     at Request.emit (events.js:169:7)
31 verbose stack     at IncomingMessage.<anonymous> (/usr/local/lib/node_modules/npm/node_modules/request/request.js:988:12)
32 verbose statusCode 404
33 verbose pkgid grunt-contrib-ugligy
34 verbose cwd /Users/hungle/Sites/projects/nodejs-example
35 error Darwin 14.5.0
36 error argv "/usr/local/bin/node" "/usr/local/bin/npm" "install" "grunt-contrib-ugligy" "--save"
37 error node v4.4.7
38 error npm  v2.15.8
39 error code E404
40 error 404 Registry returned 404 for GET on https://registry.npmjs.org/grunt-contrib-ugligy
40 error 404
40 error 404 'grunt-contrib-ugligy' is not in the npm registry.
40 error 404 You should bug the author to publish it (or use the name yourself!)
40 error 404 It was specified as a dependency of 'nodejs-example'
40 error 404
40 error 404 Note that you can also install from a
40 error 404 tarball, folder, http url, or git url.
41 verbose exit [ 1, true ]
